2024-10-17 16:01:55,808;TalsimFEWSAdapter;INFO;Talsim-FEWS-Adapter Version: 0.12
2024-10-17 16:01:55,809;lib.config;INFO;Using config file ishim.ini
2024-10-17 16:01:55,817;TalsimFEWSAdapter;INFO;Reading timeseries_file timeseries.xml ...
2024-10-17 16:01:55,817;lib.timeseries;INFO;Reading FEWS PI Timeseries XML file timeseries.xml...
2024-10-17 16:01:55,818;lib.timeseries;INFO;Read 26 values for Ishim.NIE...
2024-10-17 16:01:55,819;lib.timeseries;INFO;Read 26 values for Ishim.TEM...
2024-10-17 16:01:55,820;TalsimFEWSAdapter;INFO;Mapping timeseries and converting to BIN format...
2024-10-17 16:01:55,821;TalsimFEWSAdapter;INFO;Reading runinfo_file runinfo.xml ...
2024-10-17 16:01:55,821;lib.fews_pi;INFO;Reading file runinfo.xml...
2024-10-17 16:01:55,822;TalsimFEWSAdapter;INFO;Simulation start set to: 2024-08-22 08:00
2024-10-17 16:01:55,822;TalsimFEWSAdapter;INFO;Simulation end set to: 2024-09-08 00:00
2024-10-17 16:01:55,822;lib.talsim.talsimdataset;INFO;Processing templates in D:\FEWS\FEWS_Accelerator\FEWS_Accelerator\FEWS_Kazakhstan\Modules\talsim-ng\customers\Ishim\projectData\fews\dataSets\Ishim ...
2024-10-17 16:01:55,824;lib.talsim.talsimengine;INFO;Launching Talsim-NG v3.2.34...
2024-10-17 16:01:56,803;lib.talsim.talsimengine;WARNING;Simulation produced warnings! See Talsim warning file: D:\FEWS\FEWS_Accelerator\FEWS_Accelerator\FEWS_Kazakhstan\Modules\talsim-ng\customers\Ishim\projectData\fews\dataSets\Ishim\ishim.wrn
2024-10-17 16:01:56,804;lib.talsim.talsimengine;INFO;Simulation successful!
2024-10-17 16:01:56,804;TalsimFEWSAdapter;INFO;Reading simulation results...
2024-10-17 16:01:56,804;TalsimFEWSAdapter;INFO;Result Mapping...
2024-10-17 16:01:56,809;TalsimFEWSAdapter;INFO;Writing results to xml...
2024-10-17 16:01:56,809;lib.timeseries;INFO;Writing FEWS PI Timeseries XML file...
2024-10-17 16:01:56,814;TalsimFEWSAdapter;INFO;TalsimFEWSAdapter executed successfully!
