    1;17.10.2024 16:01:55;INFO;TALSIM 3.2.34
    2;17.10.2024 16:01:55;PROGRESS; -Start:
    3;17.10.2024 16:01:55;PROGRESS; -Path: D:\FEWS\FEWS_Accelerator\FEWS_Accelerator\FEWS_Kazakhstan\Modules\talsim-ng\customers\Ishim\projectData\fews\dataSets\Ishim\
    4;17.10.2024 16:01:55;PROGRESS; -Dataset: ishim
    5;17.10.2024 16:01:55;PROGRESS; - -Reading SydroDomain.ini
    6;17.10.2024 16:01:55;PROGRESS; - ---Simulation-Start: 22.08.2024 08:00
    7;17.10.2024 16:01:55;PROGRESS; - ---Simulation-End: 08.09.2024 00:00
    8;17.10.2024 16:01:55;PROGRESS; - ---Simulation-Start-Zeitreihen:
    9;17.10.2024 16:01:55;PROGRESS; - ---Simulationsmodus: Zeitreihen (SIMZRE)
   10;17.10.2024 16:01:55;PROGRESS; -Validation Check
   11;17.10.2024 16:01:55;PROGRESS; -Flow Network
   12;17.10.2024 16:01:55;PROGRESS; -Update
   13;17.10.2024 16:01:55;PROGRESS; -Timeseries
   14;17.10.2024 16:01:56;PROGRESS; -Monthly-,Weekly-,Daily- Patterns
   15;17.10.2024 16:01:56;PROGRESS; -Temperature
   16;17.10.2024 16:01:56;PROGRESS; -Water quality
   17;17.10.2024 16:01:56;PROGRESS; -System states
   18;17.10.2024 16:01:56;PROGRESS; -Hydrologic objects
   19;17.10.2024 16:01:56;PROGRESS; -Hydraulic objects
   20;17.10.2024 16:01:56;PROGRESS; -Surface flow network
   21;17.10.2024 16:01:56;PROGRESS; - ---A HRU Flow-Network was detected at Element {A020}. Outlet is at HRUID: A020_0
   22;17.10.2024 16:01:56;PROGRESS; - ---A HRU Flow-Network was detected at Element {A020}. Outlet is at HRUID: A020_0
   23;17.10.2024 16:01:56;PROGRESS; - ---A HRU Flow-Network was detected at Element {A020}. Outlet is at HRUID: A020_0
   24;17.10.2024 16:01:56;PROGRESS; - ---A HRU Flow-Network was detected at Element {A020}. Outlet is at HRUID: A020_0
   25;17.10.2024 16:01:56;PROGRESS; - ---A HRU Flow-Network was detected at Element {A020}. Outlet is at HRUID: A020_0
   26;17.10.2024 16:01:56;PROGRESS; - ---A HRU Flow-Network was detected at Element {A020}. Outlet is at HRUID: A020_0
   27;17.10.2024 16:01:56;PROGRESS; - ---A HRU Flow-Network was detected at Element {A020}. Outlet is at HRUID: A020_0
   28;17.10.2024 16:01:56;PROGRESS; - ---A HRU Flow-Network was detected at Element {A020}. Outlet is at HRUID: A020_0
   29;17.10.2024 16:01:56;PROGRESS; - ---A HRU Flow-Network was detected at Element {A022}. Outlet is at HRUID: A022_0
   30;17.10.2024 16:01:56;PROGRESS; - ---A HRU Flow-Network was detected at Element {A022}. Outlet is at HRUID: A022_0
   31;17.10.2024 16:01:56;PROGRESS; - ---A HRU Flow-Network was detected at Element {A022}. Outlet is at HRUID: A022_0
   32;17.10.2024 16:01:56;PROGRESS; - ---A HRU Flow-Network was detected at Element {A022}. Outlet is at HRUID: A022_0
   33;17.10.2024 16:01:56;PROGRESS; - ---A HRU Flow-Network was detected at Element {A022}. Outlet is at HRUID: A022_0
   34;17.10.2024 16:01:56;PROGRESS; - ---A HRU Flow-Network was detected at Element {A022}. Outlet is at HRUID: A022_0
   35;17.10.2024 16:01:56;PROGRESS; - ---A HRU Flow-Network was detected at Element {A022}. Outlet is at HRUID: A022_0
   36;17.10.2024 16:01:56;PROGRESS; - ---A HRU Flow-Network was detected at Element {A022}. Outlet is at HRUID: A022_0
   37;17.10.2024 16:01:56;PROGRESS; - ---A HRU Flow-Network was detected at Element {A021}. Outlet is at HRUID: A021_0
   38;17.10.2024 16:01:56;PROGRESS; - ---A HRU Flow-Network was detected at Element {A021}. Outlet is at HRUID: A021_0
   39;17.10.2024 16:01:56;PROGRESS; - ---A HRU Flow-Network was detected at Element {A017}. Outlet is at HRUID: A017_0
   40;17.10.2024 16:01:56;PROGRESS; - ---A HRU Flow-Network was detected at Element {A017}. Outlet is at HRUID: A017_0
   41;17.10.2024 16:01:56;PROGRESS; - ---A HRU Flow-Network was detected at Element {A017}. Outlet is at HRUID: A017_0
   42;17.10.2024 16:01:56;PROGRESS; - ---A HRU Flow-Network was detected at Element {A017}. Outlet is at HRUID: A017_0
   43;17.10.2024 16:01:56;PROGRESS; - ---A HRU Flow-Network was detected at Element {A017}. Outlet is at HRUID: A017_0
   44;17.10.2024 16:01:56;PROGRESS; - ---A HRU Flow-Network was detected at Element {A017}. Outlet is at HRUID: A017_0
   45;17.10.2024 16:01:56;PROGRESS; - ---A HRU Flow-Network was detected at Element {A017}. Outlet is at HRUID: A017_0
   46;17.10.2024 16:01:56;PROGRESS; - ---A HRU Flow-Network was detected at Element {A017}. Outlet is at HRUID: A017_0
   47;17.10.2024 16:01:56;PROGRESS; - ---A HRU Flow-Network was detected at Element {A017}. Outlet is at HRUID: A017_0
   48;17.10.2024 16:01:56;PROGRESS; - ---A HRU Flow-Network was detected at Element {A017}. Outlet is at HRUID: A017_0
   49;17.10.2024 16:01:56;PROGRESS; - ---A HRU Flow-Network was detected at Element {A017}. Outlet is at HRUID: A017_0
   50;17.10.2024 16:01:56;PROGRESS; - ---A HRU Flow-Network was detected at Element {A015}. Outlet is at HRUID: A015_0
   51;17.10.2024 16:01:56;PROGRESS; - ---A HRU Flow-Network was detected at Element {A015}. Outlet is at HRUID: A015_0
   52;17.10.2024 16:01:56;PROGRESS; - ---A HRU Flow-Network was detected at Element {A015}. Outlet is at HRUID: A015_0
   53;17.10.2024 16:01:56;PROGRESS; - ---A HRU Flow-Network was detected at Element {A015}. Outlet is at HRUID: A015_0
   54;17.10.2024 16:01:56;PROGRESS; - ---A HRU Flow-Network was detected at Element {A015}. Outlet is at HRUID: A015_0
   55;17.10.2024 16:01:56;PROGRESS; - ---A HRU Flow-Network was detected at Element {A015}. Outlet is at HRUID: A015_0
   56;17.10.2024 16:01:56;PROGRESS; - ---A HRU Flow-Network was detected at Element {A015}. Outlet is at HRUID: A015_0
   57;17.10.2024 16:01:56;PROGRESS; - ---A HRU Flow-Network was detected at Element {A008}. Outlet is at HRUID: A008_0
   58;17.10.2024 16:01:56;PROGRESS; - ---A HRU Flow-Network was detected at Element {A008}. Outlet is at HRUID: A008_0
   59;17.10.2024 16:01:56;PROGRESS; - ---A HRU Flow-Network was detected at Element {A008}. Outlet is at HRUID: A008_0
   60;17.10.2024 16:01:56;PROGRESS; - ---A HRU Flow-Network was detected at Element {A008}. Outlet is at HRUID: A008_0
   61;17.10.2024 16:01:56;PROGRESS; - ---A HRU Flow-Network was detected at Element {A008}. Outlet is at HRUID: A008_0
   62;17.10.2024 16:01:56;PROGRESS; - ---A HRU Flow-Network was detected at Element {A005}. Outlet is at HRUID: A005_0
   63;17.10.2024 16:01:56;PROGRESS; - ---A HRU Flow-Network was detected at Element {A005}. Outlet is at HRUID: A005_0
   64;17.10.2024 16:01:56;PROGRESS; - ---A HRU Flow-Network was detected at Element {A005}. Outlet is at HRUID: A005_0
   65;17.10.2024 16:01:56;PROGRESS; - ---A HRU Flow-Network was detected at Element {A005}. Outlet is at HRUID: A005_0
   66;17.10.2024 16:01:56;PROGRESS; - ---A HRU Flow-Network was detected at Element {A003}. Outlet is at HRUID: A003_0
   67;17.10.2024 16:01:56;PROGRESS; - ---A HRU Flow-Network was detected at Element {A003}. Outlet is at HRUID: A003_0
   68;17.10.2024 16:01:56;PROGRESS; - ---A HRU Flow-Network was detected at Element {A003}. Outlet is at HRUID: A003_0
   69;17.10.2024 16:01:56;PROGRESS; - ---A HRU Flow-Network was detected at Element {A003}. Outlet is at HRUID: A003_0
   70;17.10.2024 16:01:56;PROGRESS; - ---A HRU Flow-Network was detected at Element {A003}. Outlet is at HRUID: A003_0
   71;17.10.2024 16:01:56;PROGRESS; - ---A HRU Flow-Network was detected at Element {A003}. Outlet is at HRUID: A003_0
   72;17.10.2024 16:01:56;PROGRESS; - ---A HRU Flow-Network was detected at Element {A003}. Outlet is at HRUID: A003_0
   73;17.10.2024 16:01:56;PROGRESS; - ---A HRU Flow-Network was detected at Element {A004}. Outlet is at HRUID: A004_0
   74;17.10.2024 16:01:56;PROGRESS; - ---A HRU Flow-Network was detected at Element {A004}. Outlet is at HRUID: A004_0
   75;17.10.2024 16:01:56;PROGRESS; - ---A HRU Flow-Network was detected at Element {A004}. Outlet is at HRUID: A004_0
   76;17.10.2024 16:01:56;PROGRESS; - ---A HRU Flow-Network was detected at Element {A004}. Outlet is at HRUID: A004_0
   77;17.10.2024 16:01:56;PROGRESS; - ---A HRU Flow-Network was detected at Element {A004}. Outlet is at HRUID: A004_0
   78;17.10.2024 16:01:56;PROGRESS; - ---A HRU Flow-Network was detected at Element {A004}. Outlet is at HRUID: A004_0
   79;17.10.2024 16:01:56;PROGRESS; - ---A HRU Flow-Network was detected at Element {A004}. Outlet is at HRUID: A004_0
   80;17.10.2024 16:01:56;PROGRESS; - ---A HRU Flow-Network was detected at Element {A004}. Outlet is at HRUID: A004_0
   81;17.10.2024 16:01:56;PROGRESS; - ---A HRU Flow-Network was detected at Element {A001}. Outlet is at HRUID: A001_0
   82;17.10.2024 16:01:56;PROGRESS; - ---A HRU Flow-Network was detected at Element {A001}. Outlet is at HRUID: A001_0
   83;17.10.2024 16:01:56;PROGRESS; - ---A HRU Flow-Network was detected at Element {A001}. Outlet is at HRUID: A001_0
   84;17.10.2024 16:01:56;PROGRESS; - ---A HRU Flow-Network was detected at Element {A001}. Outlet is at HRUID: A001_0
   85;17.10.2024 16:01:56;PROGRESS; - ---A HRU Flow-Network was detected at Element {A001}. Outlet is at HRUID: A001_0
   86;17.10.2024 16:01:56;PROGRESS; - ---A HRU Flow-Network was detected at Element {A002}. Outlet is at HRUID: A002_0
   87;17.10.2024 16:01:56;PROGRESS; - ---A HRU Flow-Network was detected at Element {A002}. Outlet is at HRUID: A002_0
   88;17.10.2024 16:01:56;PROGRESS; - ---A HRU Flow-Network was detected at Element {A002}. Outlet is at HRUID: A002_0
   89;17.10.2024 16:01:56;PROGRESS; - ---A HRU Flow-Network was detected at Element {A002}. Outlet is at HRUID: A002_0
   90;17.10.2024 16:01:56;PROGRESS; - ---A HRU Flow-Network was detected at Element {A006}. Outlet is at HRUID: A006_0
   91;17.10.2024 16:01:56;PROGRESS; - ---A HRU Flow-Network was detected at Element {A006}. Outlet is at HRUID: A006_0
   92;17.10.2024 16:01:56;PROGRESS; - ---A HRU Flow-Network was detected at Element {A007}. Outlet is at HRUID: A007_0
   93;17.10.2024 16:01:56;PROGRESS; - ---A HRU Flow-Network was detected at Element {A007}. Outlet is at HRUID: A007_0
   94;17.10.2024 16:01:56;PROGRESS; - ---A HRU Flow-Network was detected at Element {A007}. Outlet is at HRUID: A007_0
   95;17.10.2024 16:01:56;PROGRESS; - ---A HRU Flow-Network was detected at Element {A007}. Outlet is at HRUID: A007_0
   96;17.10.2024 16:01:56;PROGRESS; - ---A HRU Flow-Network was detected at Element {A007}. Outlet is at HRUID: A007_0
   97;17.10.2024 16:01:56;PROGRESS; - ---A HRU Flow-Network was detected at Element {A007}. Outlet is at HRUID: A007_0
   98;17.10.2024 16:01:56;PROGRESS; - ---A HRU Flow-Network was detected at Element {A007}. Outlet is at HRUID: A007_0
   99;17.10.2024 16:01:56;PROGRESS; - ---A HRU Flow-Network was detected at Element {A007}. Outlet is at HRUID: A007_0
  100;17.10.2024 16:01:56;PROGRESS; - ---A HRU Flow-Network was detected at Element {A007}. Outlet is at HRUID: A007_0
  101;17.10.2024 16:01:56;PROGRESS; - ---A HRU Flow-Network was detected at Element {A007}. Outlet is at HRUID: A007_0
  102;17.10.2024 16:01:56;PROGRESS; - ---A HRU Flow-Network was detected at Element {A007}. Outlet is at HRUID: A007_0
  103;17.10.2024 16:01:56;PROGRESS; - ---A HRU Flow-Network was detected at Element {A010}. Outlet is at HRUID: A010_0
  104;17.10.2024 16:01:56;PROGRESS; - ---A HRU Flow-Network was detected at Element {A010}. Outlet is at HRUID: A010_0
  105;17.10.2024 16:01:56;PROGRESS; - ---A HRU Flow-Network was detected at Element {A010}. Outlet is at HRUID: A010_0
  106;17.10.2024 16:01:56;PROGRESS; - ---A HRU Flow-Network was detected at Element {A010}. Outlet is at HRUID: A010_0
  107;17.10.2024 16:01:56;PROGRESS; - ---A HRU Flow-Network was detected at Element {A011}. Outlet is at HRUID: A011_0
  108;17.10.2024 16:01:56;PROGRESS; - ---A HRU Flow-Network was detected at Element {A011}. Outlet is at HRUID: A011_0
  109;17.10.2024 16:01:56;PROGRESS; - ---A HRU Flow-Network was detected at Element {A011}. Outlet is at HRUID: A011_0
  110;17.10.2024 16:01:56;PROGRESS; - ---A HRU Flow-Network was detected at Element {A011}. Outlet is at HRUID: A011_0
  111;17.10.2024 16:01:56;PROGRESS; - ---A HRU Flow-Network was detected at Element {A011}. Outlet is at HRUID: A011_0
  112;17.10.2024 16:01:56;PROGRESS; - ---A HRU Flow-Network was detected at Element {A011}. Outlet is at HRUID: A011_0
  113;17.10.2024 16:01:56;PROGRESS; - ---A HRU Flow-Network was detected at Element {A011}. Outlet is at HRUID: A011_0
  114;17.10.2024 16:01:56;PROGRESS; - ---A HRU Flow-Network was detected at Element {A012}. Outlet is at HRUID: A012_0
  115;17.10.2024 16:01:56;PROGRESS; - ---A HRU Flow-Network was detected at Element {A012}. Outlet is at HRUID: A012_0
  116;17.10.2024 16:01:56;PROGRESS; - ---A HRU Flow-Network was detected at Element {A012}. Outlet is at HRUID: A012_0
  117;17.10.2024 16:01:56;PROGRESS; - ---A HRU Flow-Network was detected at Element {A009}. Outlet is at HRUID: A009_0
  118;17.10.2024 16:01:56;PROGRESS; - ---A HRU Flow-Network was detected at Element {A009}. Outlet is at HRUID: A009_0
  119;17.10.2024 16:01:56;PROGRESS; - ---A HRU Flow-Network was detected at Element {A009}. Outlet is at HRUID: A009_0
  120;17.10.2024 16:01:56;PROGRESS; - ---A HRU Flow-Network was detected at Element {A009}. Outlet is at HRUID: A009_0
  121;17.10.2024 16:01:56;PROGRESS; - ---A HRU Flow-Network was detected at Element {A009}. Outlet is at HRUID: A009_0
  122;17.10.2024 16:01:56;PROGRESS; - ---A HRU Flow-Network was detected at Element {A009}. Outlet is at HRUID: A009_0
  123;17.10.2024 16:01:56;PROGRESS; - ---A HRU Flow-Network was detected at Element {A009}. Outlet is at HRUID: A009_0
  124;17.10.2024 16:01:56;PROGRESS; - ---A HRU Flow-Network was detected at Element {A009}. Outlet is at HRUID: A009_0
  125;17.10.2024 16:01:56;PROGRESS; - ---A HRU Flow-Network was detected at Element {A009}. Outlet is at HRUID: A009_0
  126;17.10.2024 16:01:56;PROGRESS; - ---A HRU Flow-Network was detected at Element {A009}. Outlet is at HRUID: A009_0
  127;17.10.2024 16:01:56;PROGRESS; - ---A HRU Flow-Network was detected at Element {A013}. Outlet is at HRUID: A013_0
  128;17.10.2024 16:01:56;PROGRESS; - ---A HRU Flow-Network was detected at Element {A014}. Outlet is at HRUID: A014_0
  129;17.10.2024 16:01:56;PROGRESS; - ---A HRU Flow-Network was detected at Element {A014}. Outlet is at HRUID: A014_0
  130;17.10.2024 16:01:56;PROGRESS; - ---A HRU Flow-Network was detected at Element {A014}. Outlet is at HRUID: A014_0
  131;17.10.2024 16:01:56;PROGRESS; - ---A HRU Flow-Network was detected at Element {A014}. Outlet is at HRUID: A014_0
  132;17.10.2024 16:01:56;PROGRESS; - ---A HRU Flow-Network was detected at Element {A014}. Outlet is at HRUID: A014_0
  133;17.10.2024 16:01:56;PROGRESS; - ---A HRU Flow-Network was detected at Element {A014}. Outlet is at HRUID: A014_0
  134;17.10.2024 16:01:56;PROGRESS; - ---A HRU Flow-Network was detected at Element {A014}. Outlet is at HRUID: A014_0
  135;17.10.2024 16:01:56;PROGRESS; - ---A HRU Flow-Network was detected at Element {A014}. Outlet is at HRUID: A014_0
  136;17.10.2024 16:01:56;PROGRESS; - ---A HRU Flow-Network was detected at Element {A014}. Outlet is at HRUID: A014_0
  137;17.10.2024 16:01:56;PROGRESS; - ---A HRU Flow-Network was detected at Element {A014}. Outlet is at HRUID: A014_0
  138;17.10.2024 16:01:56;PROGRESS; - ---A HRU Flow-Network was detected at Element {A014}. Outlet is at HRUID: A014_0
  139;17.10.2024 16:01:56;PROGRESS; - ---A HRU Flow-Network was detected at Element {A014}. Outlet is at HRUID: A014_0
  140;17.10.2024 16:01:56;PROGRESS; - ---A HRU Flow-Network was detected at Element {A016}. Outlet is at HRUID: A016_0
  141;17.10.2024 16:01:56;PROGRESS; - ---A HRU Flow-Network was detected at Element {A016}. Outlet is at HRUID: A016_0
  142;17.10.2024 16:01:56;PROGRESS; - ---A HRU Flow-Network was detected at Element {A016}. Outlet is at HRUID: A016_0
  143;17.10.2024 16:01:56;PROGRESS; - ---A HRU Flow-Network was detected at Element {A016}. Outlet is at HRUID: A016_0
  144;17.10.2024 16:01:56;PROGRESS; - ---A HRU Flow-Network was detected at Element {A016}. Outlet is at HRUID: A016_0
  145;17.10.2024 16:01:56;PROGRESS; - ---A HRU Flow-Network was detected at Element {A016}. Outlet is at HRUID: A016_0
  146;17.10.2024 16:01:56;PROGRESS; - ---A HRU Flow-Network was detected at Element {A016}. Outlet is at HRUID: A016_0
  147;17.10.2024 16:01:56;PROGRESS; - ---A HRU Flow-Network was detected at Element {A016}. Outlet is at HRUID: A016_0
  148;17.10.2024 16:01:56;PROGRESS; - ---A HRU Flow-Network was detected at Element {A016}. Outlet is at HRUID: A016_0
  149;17.10.2024 16:01:56;PROGRESS; - ---A HRU Flow-Network was detected at Element {A018}. Outlet is at HRUID: A018_0
  150;17.10.2024 16:01:56;PROGRESS; - ---A HRU Flow-Network was detected at Element {A018}. Outlet is at HRUID: A018_0
  151;17.10.2024 16:01:56;PROGRESS; - ---A HRU Flow-Network was detected at Element {A018}. Outlet is at HRUID: A018_0
  152;17.10.2024 16:01:56;PROGRESS; - ---A HRU Flow-Network was detected at Element {A018}. Outlet is at HRUID: A018_0
  153;17.10.2024 16:01:56;PROGRESS; - ---A HRU Flow-Network was detected at Element {A018}. Outlet is at HRUID: A018_0
  154;17.10.2024 16:01:56;PROGRESS; - ---A HRU Flow-Network was detected at Element {A024}. Outlet is at HRUID: A024_0
  155;17.10.2024 16:01:56;PROGRESS; - ---A HRU Flow-Network was detected at Element {A024}. Outlet is at HRUID: A024_0
  156;17.10.2024 16:01:56;PROGRESS; - ---A HRU Flow-Network was detected at Element {A024}. Outlet is at HRUID: A024_0
  157;17.10.2024 16:01:56;PROGRESS; - ---A HRU Flow-Network was detected at Element {A019}. Outlet is at HRUID: A019_0
  158;17.10.2024 16:01:56;PROGRESS; - ---A HRU Flow-Network was detected at Element {A019}. Outlet is at HRUID: A019_0
  159;17.10.2024 16:01:56;PROGRESS; - ---A HRU Flow-Network was detected at Element {A019}. Outlet is at HRUID: A019_0
  160;17.10.2024 16:01:56;PROGRESS; - ---A HRU Flow-Network was detected at Element {A019}. Outlet is at HRUID: A019_0
  161;17.10.2024 16:01:56;PROGRESS; - ---A HRU Flow-Network was detected at Element {A019}. Outlet is at HRUID: A019_0
  162;17.10.2024 16:01:56;PROGRESS; - ---A HRU Flow-Network was detected at Element {A019}. Outlet is at HRUID: A019_0
  163;17.10.2024 16:01:56;PROGRESS; - ---A HRU Flow-Network was detected at Element {A019}. Outlet is at HRUID: A019_0
  164;17.10.2024 16:01:56;PROGRESS; - ---A HRU Flow-Network was detected at Element {A019}. Outlet is at HRUID: A019_0
  165;17.10.2024 16:01:56;PROGRESS; - ---A HRU Flow-Network was detected at Element {A019}. Outlet is at HRUID: A019_0
  166;17.10.2024 16:01:56;PROGRESS; - ---A HRU Flow-Network was detected at Element {A019}. Outlet is at HRUID: A019_0
  167;17.10.2024 16:01:56;PROGRESS; - ---A HRU Flow-Network was detected at Element {A019}. Outlet is at HRUID: A019_0
  168;17.10.2024 16:01:56;PROGRESS; - ---A HRU Flow-Network was detected at Element {A023}. Outlet is at HRUID: A023_0
  169;17.10.2024 16:01:56;PROGRESS; - ---A HRU Flow-Network was detected at Element {A023}. Outlet is at HRUID: A023_0
  170;17.10.2024 16:01:56;PROGRESS; - ---A HRU Flow-Network was detected at Element {A023}. Outlet is at HRUID: A023_0
  171;17.10.2024 16:01:56;PROGRESS; - ---A HRU Flow-Network was detected at Element {A023}. Outlet is at HRUID: A023_0
  172;17.10.2024 16:01:56;PROGRESS; - ---A HRU Flow-Network was detected at Element {A023}. Outlet is at HRUID: A023_0
  173;17.10.2024 16:01:56;PROGRESS; - ---A HRU Flow-Network was detected at Element {A023}. Outlet is at HRUID: A023_0
  174;17.10.2024 16:01:56;PROGRESS; - ---A HRU Flow-Network was detected at Element {A026}. Outlet is at HRUID: A026_0
  175;17.10.2024 16:01:56;PROGRESS; - ---A HRU Flow-Network was detected at Element {A026}. Outlet is at HRUID: A026_0
  176;17.10.2024 16:01:56;PROGRESS; - ---A HRU Flow-Network was detected at Element {A026}. Outlet is at HRUID: A026_0
  177;17.10.2024 16:01:56;PROGRESS; - ---A HRU Flow-Network was detected at Element {A026}. Outlet is at HRUID: A026_0
  178;17.10.2024 16:01:56;PROGRESS; - ---A HRU Flow-Network was detected at Element {A026}. Outlet is at HRUID: A026_0
  179;17.10.2024 16:01:56;PROGRESS; - ---A HRU Flow-Network was detected at Element {A026}. Outlet is at HRUID: A026_0
  180;17.10.2024 16:01:56;PROGRESS; - ---A HRU Flow-Network was detected at Element {A026}. Outlet is at HRUID: A026_0
  181;17.10.2024 16:01:56;PROGRESS; - ---A HRU Flow-Network was detected at Element {A025}. Outlet is at HRUID: A025_0
  182;17.10.2024 16:01:56;PROGRESS; - ---A HRU Flow-Network was detected at Element {A025}. Outlet is at HRUID: A025_0
  183;17.10.2024 16:01:56;PROGRESS; - ---A HRU Flow-Network was detected at Element {A025}. Outlet is at HRUID: A025_0
  184;17.10.2024 16:01:56;PROGRESS; - ---A HRU Flow-Network was detected at Element {A025}. Outlet is at HRUID: A025_0
  185;17.10.2024 16:01:56;PROGRESS; - ---A HRU Flow-Network was detected at Element {A025}. Outlet is at HRUID: A025_0
  186;17.10.2024 16:01:56;PROGRESS; - ---A HRU Flow-Network was detected at Element {A025}. Outlet is at HRUID: A025_0
  187;17.10.2024 16:01:56;PROGRESS; - ---A HRU Flow-Network was detected at Element {A025}. Outlet is at HRUID: A025_0
  188;17.10.2024 16:01:56;PROGRESS; - ---A HRU Flow-Network was detected at Element {A025}. Outlet is at HRUID: A025_0
  189;17.10.2024 16:01:56;PROGRESS; - ---A HRU Flow-Network was detected at Element {A025}. Outlet is at HRUID: A025_0
  190;17.10.2024 16:01:56;PROGRESS; - ---A HRU Flow-Network was detected at Element {A025}. Outlet is at HRUID: A025_0
  191;17.10.2024 16:01:56;PROGRESS; - ---A HRU Flow-Network was detected at Element {A025}. Outlet is at HRUID: A025_0
  192;17.10.2024 16:01:56;PROGRESS; - ---A HRU Flow-Network was detected at Element {A025}. Outlet is at HRUID: A025_0
  193;17.10.2024 16:01:56;PROGRESS; - ---A HRU Flow-Network was detected at Element {A025}. Outlet is at HRUID: A025_0
  194;17.10.2024 16:01:56;PROGRESS; - ---A HRU Flow-Network was detected at Element {A030}. Outlet is at HRUID: A030_0
  195;17.10.2024 16:01:56;PROGRESS; - ---A HRU Flow-Network was detected at Element {A030}. Outlet is at HRUID: A030_0
  196;17.10.2024 16:01:56;PROGRESS; - ---A HRU Flow-Network was detected at Element {A030}. Outlet is at HRUID: A030_0
  197;17.10.2024 16:01:56;PROGRESS; - ---A HRU Flow-Network was detected at Element {A030}. Outlet is at HRUID: A030_0
  198;17.10.2024 16:01:56;PROGRESS; - ---A HRU Flow-Network was detected at Element {A030}. Outlet is at HRUID: A030_0
  199;17.10.2024 16:01:56;PROGRESS; - ---A HRU Flow-Network was detected at Element {A030}. Outlet is at HRUID: A030_0
  200;17.10.2024 16:01:56;PROGRESS; - ---A HRU Flow-Network was detected at Element {A030}. Outlet is at HRUID: A030_0
  201;17.10.2024 16:01:56;PROGRESS; - ---A HRU Flow-Network was detected at Element {A027}. Outlet is at HRUID: A027_0
  202;17.10.2024 16:01:56;PROGRESS; - ---A HRU Flow-Network was detected at Element {A027}. Outlet is at HRUID: A027_0
  203;17.10.2024 16:01:56;PROGRESS; - ---A HRU Flow-Network was detected at Element {A027}. Outlet is at HRUID: A027_0
  204;17.10.2024 16:01:56;PROGRESS; - ---A HRU Flow-Network was detected at Element {A027}. Outlet is at HRUID: A027_0
  205;17.10.2024 16:01:56;PROGRESS; - ---A HRU Flow-Network was detected at Element {A027}. Outlet is at HRUID: A027_0
  206;17.10.2024 16:01:56;PROGRESS; - ---A HRU Flow-Network was detected at Element {A027}. Outlet is at HRUID: A027_0
  207;17.10.2024 16:01:56;PROGRESS; - ---A HRU Flow-Network was detected at Element {A027}. Outlet is at HRUID: A027_0
  208;17.10.2024 16:01:56;PROGRESS; - ---A HRU Flow-Network was detected at Element {A027}. Outlet is at HRUID: A027_0
  209;17.10.2024 16:01:56;PROGRESS; - ---A HRU Flow-Network was detected at Element {A027}. Outlet is at HRUID: A027_0
  210;17.10.2024 16:01:56;PROGRESS; - ---A HRU Flow-Network was detected at Element {A027}. Outlet is at HRUID: A027_0
  211;17.10.2024 16:01:56;PROGRESS; - ---A HRU Flow-Network was detected at Element {A028}. Outlet is at HRUID: A028_0
  212;17.10.2024 16:01:56;PROGRESS; - ---A HRU Flow-Network was detected at Element {A029}. Outlet is at HRUID: A029_0
  213;17.10.2024 16:01:56;PROGRESS; - ---A HRU Flow-Network was detected at Element {A029}. Outlet is at HRUID: A029_0
  214;17.10.2024 16:01:56;PROGRESS; - ---A HRU Flow-Network was detected at Element {A029}. Outlet is at HRUID: A029_0
  215;17.10.2024 16:01:56;PROGRESS; - ---A HRU Flow-Network was detected at Element {A029}. Outlet is at HRUID: A029_0
  216;17.10.2024 16:01:56;PROGRESS; - ---A HRU Flow-Network was detected at Element {A029}. Outlet is at HRUID: A029_0
  217;17.10.2024 16:01:56;PROGRESS; - ---A HRU Flow-Network was detected at Element {A029}. Outlet is at HRUID: A029_0
  218;17.10.2024 16:01:56;PROGRESS; - ---A HRU Flow-Network was detected at Element {A029}. Outlet is at HRUID: A029_0
  219;17.10.2024 16:01:56;PROGRESS; - ---A HRU Flow-Network was detected at Element {A029}. Outlet is at HRUID: A029_0
  220;17.10.2024 16:01:56;PROGRESS; - ---A HRU Flow-Network was detected at Element {A029}. Outlet is at HRUID: A029_0
  221;17.10.2024 16:01:56;PROGRESS; - ---A HRU Flow-Network was detected at Element {A029}. Outlet is at HRUID: A029_0
  222;17.10.2024 16:01:56;PROGRESS; - ---A HRU Flow-Network was detected at Element {A029}. Outlet is at HRUID: A029_0
  223;17.10.2024 16:01:56;PROGRESS; - ---A HRU Flow-Network was detected at Element {A029}. Outlet is at HRUID: A029_0
  224;17.10.2024 16:01:56;PROGRESS; - ---A HRU Flow-Network was detected at Element {A029}. Outlet is at HRUID: A029_0
  225;17.10.2024 16:01:56;PROGRESS; - ---A HRU Flow-Network was detected at Element {A031}. Outlet is at HRUID: A031_0
  226;17.10.2024 16:01:56;PROGRESS; - ---A HRU Flow-Network was detected at Element {A031}. Outlet is at HRUID: A031_0
  227;17.10.2024 16:01:56;PROGRESS; - ---A HRU Flow-Network was detected at Element {A031}. Outlet is at HRUID: A031_0
  228;17.10.2024 16:01:56;PROGRESS; - ---A HRU Flow-Network was detected at Element {A031}. Outlet is at HRUID: A031_0
  229;17.10.2024 16:01:56;PROGRESS; - ---A HRU Flow-Network was detected at Element {A031}. Outlet is at HRUID: A031_0
  230;17.10.2024 16:01:56;PROGRESS; - ---A HRU Flow-Network was detected at Element {A031}. Outlet is at HRUID: A031_0
  231;17.10.2024 16:01:56;PROGRESS; - ---A HRU Flow-Network was detected at Element {A031}. Outlet is at HRUID: A031_0
  232;17.10.2024 16:01:56;PROGRESS; - ---A HRU Flow-Network was detected at Element {A032}. Outlet is at HRUID: A032_1
  233;17.10.2024 16:01:56;PROGRESS; - ---A HRU Flow-Network was detected at Element {A032}. Outlet is at HRUID: A032_2
  234;17.10.2024 16:01:56;PROGRESS; - ---A HRU Flow-Network was detected at Element {A032}. Outlet is at HRUID: A032_3
  235;17.10.2024 16:01:56;PROGRESS; - ---A HRU Flow-Network was detected at Element {A032}. Outlet is at HRUID: A032_4
  236;17.10.2024 16:01:56;PROGRESS; - ---A HRU Flow-Network was detected at Element {A032}. Outlet is at HRUID: A032_5
  237;17.10.2024 16:01:56;PROGRESS; - ---A HRU Flow-Network was detected at Element {A033}. Outlet is at HRUID: A033_0
  238;17.10.2024 16:01:56;PROGRESS; - ---A HRU Flow-Network was detected at Element {A033}. Outlet is at HRUID: A033_0
  239;17.10.2024 16:01:56;PROGRESS; - ---A HRU Flow-Network was detected at Element {A033}. Outlet is at HRUID: A033_0
  240;17.10.2024 16:01:56;PROGRESS; - ---A HRU Flow-Network was detected at Element {A033}. Outlet is at HRUID: A033_0
  241;17.10.2024 16:01:56;PROGRESS; - ---A HRU Flow-Network was detected at Element {A033}. Outlet is at HRUID: A033_0
  242;17.10.2024 16:01:56;PROGRESS; - ---A HRU Flow-Network was detected at Element {A033}. Outlet is at HRUID: A033_0
  243;17.10.2024 16:01:56;PROGRESS; - ---A HRU Flow-Network was detected at Element {A039}. Outlet is at HRUID: A039_0
  244;17.10.2024 16:01:56;PROGRESS; - ---A HRU Flow-Network was detected at Element {A039}. Outlet is at HRUID: A039_0
  245;17.10.2024 16:01:56;PROGRESS; - ---A HRU Flow-Network was detected at Element {A039}. Outlet is at HRUID: A039_0
  246;17.10.2024 16:01:56;PROGRESS; - ---A HRU Flow-Network was detected at Element {A039}. Outlet is at HRUID: A039_0
  247;17.10.2024 16:01:56;PROGRESS; - ---A HRU Flow-Network was detected at Element {A039}. Outlet is at HRUID: A039_0
  248;17.10.2024 16:01:56;PROGRESS; - ---A HRU Flow-Network was detected at Element {A039}. Outlet is at HRUID: A039_0
  249;17.10.2024 16:01:56;PROGRESS; - ---A HRU Flow-Network was detected at Element {A039}. Outlet is at HRUID: A039_0
  250;17.10.2024 16:01:56;PROGRESS; - ---A HRU Flow-Network was detected at Element {A037}. Outlet is at HRUID: A037_0
  251;17.10.2024 16:01:56;PROGRESS; - ---A HRU Flow-Network was detected at Element {A037}. Outlet is at HRUID: A037_0
  252;17.10.2024 16:01:56;PROGRESS; - ---A HRU Flow-Network was detected at Element {A037}. Outlet is at HRUID: A037_0
  253;17.10.2024 16:01:56;PROGRESS; - ---A HRU Flow-Network was detected at Element {A034}. Outlet is at HRUID: A034_0
  254;17.10.2024 16:01:56;PROGRESS; - ---A HRU Flow-Network was detected at Element {A034}. Outlet is at HRUID: A034_0
  255;17.10.2024 16:01:56;PROGRESS; - ---A HRU Flow-Network was detected at Element {A034}. Outlet is at HRUID: A034_0
  256;17.10.2024 16:01:56;PROGRESS; - ---A HRU Flow-Network was detected at Element {A034}. Outlet is at HRUID: A034_0
  257;17.10.2024 16:01:56;PROGRESS; - ---A HRU Flow-Network was detected at Element {A035}. Outlet is at HRUID: A035_0
  258;17.10.2024 16:01:56;PROGRESS; - ---A HRU Flow-Network was detected at Element {A035}. Outlet is at HRUID: A035_0
  259;17.10.2024 16:01:56;PROGRESS; - ---A HRU Flow-Network was detected at Element {A036}. Outlet is at HRUID: A036_0
  260;17.10.2024 16:01:56;PROGRESS; - ---A HRU Flow-Network was detected at Element {A036}. Outlet is at HRUID: A036_0
  261;17.10.2024 16:01:56;PROGRESS; - ---A HRU Flow-Network was detected at Element {A036}. Outlet is at HRUID: A036_0
  262;17.10.2024 16:01:56;PROGRESS; - ---A HRU Flow-Network was detected at Element {A036}. Outlet is at HRUID: A036_0
  263;17.10.2024 16:01:56;PROGRESS; - ---A HRU Flow-Network was detected at Element {A038}. Outlet is at HRUID: A038_0
  264;17.10.2024 16:01:56;PROGRESS; - ---A HRU Flow-Network was detected at Element {A038}. Outlet is at HRUID: A038_0
  265;17.10.2024 16:01:56;PROGRESS; - ---A HRU Flow-Network was detected at Element {A038}. Outlet is at HRUID: A038_0
  266;17.10.2024 16:01:56;PROGRESS; - ---A HRU Flow-Network was detected at Element {A038}. Outlet is at HRUID: A038_0
  267;17.10.2024 16:01:56;PROGRESS; - ---A HRU Flow-Network was detected at Element {A038}. Outlet is at HRUID: A038_0
  268;17.10.2024 16:01:56;PROGRESS; - ---A HRU Flow-Network was detected at Element {A038}. Outlet is at HRUID: A038_0
  269;17.10.2024 16:01:56;PROGRESS; - ---A HRU Flow-Network was detected at Element {A038}. Outlet is at HRUID: A038_0
  270;17.10.2024 16:01:56;PROGRESS; - ---A HRU Flow-Network was detected at Element {A038}. Outlet is at HRUID: A038_0
  271;17.10.2024 16:01:56;PROGRESS; - ---A HRU Flow-Network was detected at Element {A041}. Outlet is at HRUID: A041_0
  272;17.10.2024 16:01:56;PROGRESS; - ---A HRU Flow-Network was detected at Element {A041}. Outlet is at HRUID: A041_0
  273;17.10.2024 16:01:56;PROGRESS; - ---A HRU Flow-Network was detected at Element {A041}. Outlet is at HRUID: A041_0
  274;17.10.2024 16:01:56;PROGRESS; - ---A HRU Flow-Network was detected at Element {A041}. Outlet is at HRUID: A041_0
  275;17.10.2024 16:01:56;PROGRESS; - ---A HRU Flow-Network was detected at Element {A041}. Outlet is at HRUID: A041_0
  276;17.10.2024 16:01:56;PROGRESS; - ---A HRU Flow-Network was detected at Element {A041}. Outlet is at HRUID: A041_0
  277;17.10.2024 16:01:56;PROGRESS; - ---A HRU Flow-Network was detected at Element {A041}. Outlet is at HRUID: A041_0
  278;17.10.2024 16:01:56;PROGRESS; - ---A HRU Flow-Network was detected at Element {A041}. Outlet is at HRUID: A041_0
  279;17.10.2024 16:01:56;PROGRESS; - ---A HRU Flow-Network was detected at Element {A041}. Outlet is at HRUID: A041_0
  280;17.10.2024 16:01:56;PROGRESS; - ---A HRU Flow-Network was detected at Element {A041}. Outlet is at HRUID: A041_0
  281;17.10.2024 16:01:56;PROGRESS; - ---A HRU Flow-Network was detected at Element {A040}. Outlet is at HRUID: A040_0
  282;17.10.2024 16:01:56;PROGRESS; - ---A HRU Flow-Network was detected at Element {A040}. Outlet is at HRUID: A040_0
  283;17.10.2024 16:01:56;PROGRESS; - ---A HRU Flow-Network was detected at Element {A040}. Outlet is at HRUID: A040_0
  284;17.10.2024 16:01:56;PROGRESS; - ---A HRU Flow-Network was detected at Element {A040}. Outlet is at HRUID: A040_0
  285;17.10.2024 16:01:56;PROGRESS; - ---A HRU Flow-Network was detected at Element {A040}. Outlet is at HRUID: A040_0
  286;17.10.2024 16:01:56;PROGRESS; - ---A HRU Flow-Network was detected at Element {A045}. Outlet is at HRUID: A045_0
  287;17.10.2024 16:01:56;PROGRESS; - ---A HRU Flow-Network was detected at Element {A045}. Outlet is at HRUID: A045_0
  288;17.10.2024 16:01:56;PROGRESS; - ---A HRU Flow-Network was detected at Element {A045}. Outlet is at HRUID: A045_0
  289;17.10.2024 16:01:56;PROGRESS; - ---A HRU Flow-Network was detected at Element {A045}. Outlet is at HRUID: A045_0
  290;17.10.2024 16:01:56;PROGRESS; - ---A HRU Flow-Network was detected at Element {A045}. Outlet is at HRUID: A045_0
  291;17.10.2024 16:01:56;PROGRESS; - ---A HRU Flow-Network was detected at Element {A045}. Outlet is at HRUID: A045_0
  292;17.10.2024 16:01:56;PROGRESS; - ---A HRU Flow-Network was detected at Element {A045}. Outlet is at HRUID: A045_0
  293;17.10.2024 16:01:56;PROGRESS; - ---A HRU Flow-Network was detected at Element {A045}. Outlet is at HRUID: A045_0
  294;17.10.2024 16:01:56;PROGRESS; - ---A HRU Flow-Network was detected at Element {A045}. Outlet is at HRUID: A045_0
  295;17.10.2024 16:01:56;PROGRESS; - ---A HRU Flow-Network was detected at Element {A045}. Outlet is at HRUID: A045_0
  296;17.10.2024 16:01:56;PROGRESS; - ---A HRU Flow-Network was detected at Element {A045}. Outlet is at HRUID: A045_0
  297;17.10.2024 16:01:56;PROGRESS; - ---A HRU Flow-Network was detected at Element {A046}. Outlet is at HRUID: A046_0
  298;17.10.2024 16:01:56;PROGRESS; - ---A HRU Flow-Network was detected at Element {A046}. Outlet is at HRUID: A046_0
  299;17.10.2024 16:01:56;PROGRESS; - ---A HRU Flow-Network was detected at Element {A046}. Outlet is at HRUID: A046_0
  300;17.10.2024 16:01:56;PROGRESS; - ---A HRU Flow-Network was detected at Element {A046}. Outlet is at HRUID: A046_0
  301;17.10.2024 16:01:56;PROGRESS; - ---A HRU Flow-Network was detected at Element {A046}. Outlet is at HRUID: A046_0
  302;17.10.2024 16:01:56;PROGRESS; - ---A HRU Flow-Network was detected at Element {A046}. Outlet is at HRUID: A046_0
  303;17.10.2024 16:01:56;PROGRESS; - ---A HRU Flow-Network was detected at Element {A046}. Outlet is at HRUID: A046_0
  304;17.10.2024 16:01:56;PROGRESS; - ---A HRU Flow-Network was detected at Element {A046}. Outlet is at HRUID: A046_0
  305;17.10.2024 16:01:56;PROGRESS; - ---A HRU Flow-Network was detected at Element {A043}. Outlet is at HRUID: A043_0
  306;17.10.2024 16:01:56;PROGRESS; - ---A HRU Flow-Network was detected at Element {A043}. Outlet is at HRUID: A043_0
  307;17.10.2024 16:01:56;PROGRESS; - ---A HRU Flow-Network was detected at Element {A043}. Outlet is at HRUID: A043_0
  308;17.10.2024 16:01:56;PROGRESS; - ---A HRU Flow-Network was detected at Element {A043}. Outlet is at HRUID: A043_0
  309;17.10.2024 16:01:56;PROGRESS; - ---A HRU Flow-Network was detected at Element {A043}. Outlet is at HRUID: A043_0
  310;17.10.2024 16:01:56;PROGRESS; - ---A HRU Flow-Network was detected at Element {A043}. Outlet is at HRUID: A043_0
  311;17.10.2024 16:01:56;PROGRESS; - ---A HRU Flow-Network was detected at Element {A043}. Outlet is at HRUID: A043_0
  312;17.10.2024 16:01:56;PROGRESS; - ---A HRU Flow-Network was detected at Element {A043}. Outlet is at HRUID: A043_0
  313;17.10.2024 16:01:56;PROGRESS; - ---A HRU Flow-Network was detected at Element {A043}. Outlet is at HRUID: A043_0
  314;17.10.2024 16:01:56;PROGRESS; - ---A HRU Flow-Network was detected at Element {A043}. Outlet is at HRUID: A043_0
  315;17.10.2024 16:01:56;PROGRESS; - ---A HRU Flow-Network was detected at Element {A043}. Outlet is at HRUID: A043_0
  316;17.10.2024 16:01:56;PROGRESS; - ---A HRU Flow-Network was detected at Element {A043}. Outlet is at HRUID: A043_0
  317;17.10.2024 16:01:56;PROGRESS; - ---A HRU Flow-Network was detected at Element {A043}. Outlet is at HRUID: A043_0
  318;17.10.2024 16:01:56;PROGRESS; - ---A HRU Flow-Network was detected at Element {A043}. Outlet is at HRUID: A043_0
  319;17.10.2024 16:01:56;PROGRESS; - ---A HRU Flow-Network was detected at Element {A042}. Outlet is at HRUID: A042_0
  320;17.10.2024 16:01:56;PROGRESS; - ---A HRU Flow-Network was detected at Element {A042}. Outlet is at HRUID: A042_0
  321;17.10.2024 16:01:56;PROGRESS; - ---A HRU Flow-Network was detected at Element {A042}. Outlet is at HRUID: A042_0
  322;17.10.2024 16:01:56;PROGRESS; - ---A HRU Flow-Network was detected at Element {A042}. Outlet is at HRUID: A042_0
  323;17.10.2024 16:01:56;PROGRESS; - ---A HRU Flow-Network was detected at Element {A042}. Outlet is at HRUID: A042_0
  324;17.10.2024 16:01:56;PROGRESS; - ---A HRU Flow-Network was detected at Element {A042}. Outlet is at HRUID: A042_0
  325;17.10.2024 16:01:56;PROGRESS; - ---A HRU Flow-Network was detected at Element {A044}. Outlet is at HRUID: A044_0
  326;17.10.2024 16:01:56;PROGRESS; - ---A HRU Flow-Network was detected at Element {A044}. Outlet is at HRUID: A044_0
  327;17.10.2024 16:01:56;PROGRESS; - ---A HRU Flow-Network was detected at Element {A044}. Outlet is at HRUID: A044_0
  328;17.10.2024 16:01:56;PROGRESS; - ---A HRU Flow-Network was detected at Element {A044}. Outlet is at HRUID: A044_0
  329;17.10.2024 16:01:56;PROGRESS; - ---A HRU Flow-Network was detected at Element {A044}. Outlet is at HRUID: A044_0
  330;17.10.2024 16:01:56;PROGRESS; - ---A HRU Flow-Network was detected at Element {A044}. Outlet is at HRUID: A044_0
  331;17.10.2024 16:01:56;PROGRESS; - ---A HRU Flow-Network was detected at Element {A044}. Outlet is at HRUID: A044_0
  332;17.10.2024 16:01:56;PROGRESS; - ---A HRU Flow-Network was detected at Element {A044}. Outlet is at HRUID: A044_0
  333;17.10.2024 16:01:56;PROGRESS; - ---A HRU Flow-Network was detected at Element {A044}. Outlet is at HRUID: A044_0
  334;17.10.2024 16:01:56;PROGRESS; - ---A HRU Flow-Network was detected at Element {A044}. Outlet is at HRUID: A044_0
  335;17.10.2024 16:01:56;PROGRESS; - ---A HRU Flow-Network was detected at Element {A044}. Outlet is at HRUID: A044_0
  336;17.10.2024 16:01:56;PROGRESS; - ---A HRU Flow-Network was detected at Element {A044}. Outlet is at HRUID: A044_0
  337;17.10.2024 16:01:56;PROGRESS; - ---A HRU Flow-Network was detected at Element {A044}. Outlet is at HRUID: A044_0
  338;17.10.2024 16:01:56;PROGRESS; - ---A HRU Flow-Network was detected at Element {A044}. Outlet is at HRUID: A044_0
  339;17.10.2024 16:01:56;PROGRESS; - ---A HRU Flow-Network was detected at Element {A047}. Outlet is at HRUID: A047_0
  340;17.10.2024 16:01:56;PROGRESS; - ---A HRU Flow-Network was detected at Element {A047}. Outlet is at HRUID: A047_0
  341;17.10.2024 16:01:56;PROGRESS; - ---A HRU Flow-Network was detected at Element {A047}. Outlet is at HRUID: A047_0
  342;17.10.2024 16:01:56;PROGRESS; - ---A HRU Flow-Network was detected at Element {A047}. Outlet is at HRUID: A047_0
  343;17.10.2024 16:01:56;PROGRESS; - ---A HRU Flow-Network was detected at Element {A047}. Outlet is at HRUID: A047_0
  344;17.10.2024 16:01:56;PROGRESS; - ---A HRU Flow-Network was detected at Element {A047}. Outlet is at HRUID: A047_0
  345;17.10.2024 16:01:56;PROGRESS; - ---A HRU Flow-Network was detected at Element {A047}. Outlet is at HRUID: A047_0
  346;17.10.2024 16:01:56;PROGRESS; - ---A HRU Flow-Network was detected at Element {A047}. Outlet is at HRUID: A047_0
  347;17.10.2024 16:01:56;PROGRESS; - ---A HRU Flow-Network was detected at Element {A047}. Outlet is at HRUID: A047_0
  348;17.10.2024 16:01:56;PROGRESS; - ---A HRU Flow-Network was detected at Element {A047}. Outlet is at HRUID: A047_0
  349;17.10.2024 16:01:56;PROGRESS; - ---A HRU Flow-Network was detected at Element {A047}. Outlet is at HRUID: A047_0
  350;17.10.2024 16:01:56;PROGRESS; - ---A HRU Flow-Network was detected at Element {A047}. Outlet is at HRUID: A047_0
  351;17.10.2024 16:01:56;PROGRESS; - ---A HRU Flow-Network was detected at Element {A047}. Outlet is at HRUID: A047_0
  352;17.10.2024 16:01:56;PROGRESS; - ---A HRU Flow-Network was detected at Element {A047}. Outlet is at HRUID: A047_0
  353;17.10.2024 16:01:56;PROGRESS; - ---A HRU Flow-Network was detected at Element {A047}. Outlet is at HRUID: A047_0
  354;17.10.2024 16:01:56;PROGRESS; - ---A HRU Flow-Network was detected at Element {A047}. Outlet is at HRUID: A047_0
  355;17.10.2024 16:01:56;PROGRESS; - ---A HRU Flow-Network was detected at Element {A047}. Outlet is at HRUID: A047_0
  356;17.10.2024 16:01:56;PROGRESS; - ---A HRU Flow-Network was detected at Element {A048}. Outlet is at HRUID: A048_0
  357;17.10.2024 16:01:56;PROGRESS; - ---A HRU Flow-Network was detected at Element {A048}. Outlet is at HRUID: A048_0
  358;17.10.2024 16:01:56;PROGRESS; - ---A HRU Flow-Network was detected at Element {A048}. Outlet is at HRUID: A048_0
  359;17.10.2024 16:01:56;PROGRESS; - ---A HRU Flow-Network was detected at Element {A048}. Outlet is at HRUID: A048_0
  360;17.10.2024 16:01:56;PROGRESS; - ---A HRU Flow-Network was detected at Element {A048}. Outlet is at HRUID: A048_0
  361;17.10.2024 16:01:56;PROGRESS; - ---A HRU Flow-Network was detected at Element {A048}. Outlet is at HRUID: A048_0
  362;17.10.2024 16:01:56;PROGRESS; - ---A HRU Flow-Network was detected at Element {A048}. Outlet is at HRUID: A048_0
  363;17.10.2024 16:01:56;PROGRESS; - ---A HRU Flow-Network was detected at Element {A048}. Outlet is at HRUID: A048_0
  364;17.10.2024 16:01:56;PROGRESS; - ---A HRU Flow-Network was detected at Element {A048}. Outlet is at HRUID: A048_0
  365;17.10.2024 16:01:56;PROGRESS; - ---A HRU Flow-Network was detected at Element {A048}. Outlet is at HRUID: A048_0
  366;17.10.2024 16:01:56;PROGRESS; - ---A HRU Flow-Network was detected at Element {A048}. Outlet is at HRUID: A048_0
  367;17.10.2024 16:01:56;PROGRESS; - ---A HRU Flow-Network was detected at Element {A048}. Outlet is at HRUID: A048_0
  368;17.10.2024 16:01:56;PROGRESS; - ---A HRU Flow-Network was detected at Element {A048}. Outlet is at HRUID: A048_0
  369;17.10.2024 16:01:56;PROGRESS; - ---A HRU Flow-Network was detected at Element {A048}. Outlet is at HRUID: A048_0
  370;17.10.2024 16:01:56;PROGRESS; - ---A HRU Flow-Network was detected at Element {A049}. Outlet is at HRUID: A049_0
  371;17.10.2024 16:01:56;PROGRESS; - ---A HRU Flow-Network was detected at Element {A049}. Outlet is at HRUID: A049_0
  372;17.10.2024 16:01:56;PROGRESS; - ---A HRU Flow-Network was detected at Element {A049}. Outlet is at HRUID: A049_0
  373;17.10.2024 16:01:56;PROGRESS; - ---A HRU Flow-Network was detected at Element {A049}. Outlet is at HRUID: A049_0
  374;17.10.2024 16:01:56;PROGRESS; - ---A HRU Flow-Network was detected at Element {A049}. Outlet is at HRUID: A049_0
  375;17.10.2024 16:01:56;PROGRESS; - ---A HRU Flow-Network was detected at Element {A049}. Outlet is at HRUID: A049_0
  376;17.10.2024 16:01:56;PROGRESS; - ---A HRU Flow-Network was detected at Element {A049}. Outlet is at HRUID: A049_0
  377;17.10.2024 16:01:56;PROGRESS; - ---A HRU Flow-Network was detected at Element {A049}. Outlet is at HRUID: A049_0
  378;17.10.2024 16:01:56;PROGRESS; - ---A HRU Flow-Network was detected at Element {A049}. Outlet is at HRUID: A049_0
  379;17.10.2024 16:01:56;PROGRESS; - ---A HRU Flow-Network was detected at Element {A049}. Outlet is at HRUID: A049_0
  380;17.10.2024 16:01:56;PROGRESS; - ---A HRU Flow-Network was detected at Element {A049}. Outlet is at HRUID: A049_0
  381;17.10.2024 16:01:56;PROGRESS; - ---A HRU Flow-Network was detected at Element {A049}. Outlet is at HRUID: A049_0
  382;17.10.2024 16:01:56;PROGRESS; - ---A HRU Flow-Network was detected at Element {A051}. Outlet is at HRUID: A051_0
  383;17.10.2024 16:01:56;PROGRESS; - ---A HRU Flow-Network was detected at Element {A051}. Outlet is at HRUID: A051_0
  384;17.10.2024 16:01:56;PROGRESS; - ---A HRU Flow-Network was detected at Element {A051}. Outlet is at HRUID: A051_0
  385;17.10.2024 16:01:56;PROGRESS; - ---A HRU Flow-Network was detected at Element {A051}. Outlet is at HRUID: A051_0
  386;17.10.2024 16:01:56;PROGRESS; - ---A HRU Flow-Network was detected at Element {A051}. Outlet is at HRUID: A051_0
  387;17.10.2024 16:01:56;PROGRESS; - ---A HRU Flow-Network was detected at Element {A051}. Outlet is at HRUID: A051_0
  388;17.10.2024 16:01:56;PROGRESS; - ---A HRU Flow-Network was detected at Element {A051}. Outlet is at HRUID: A051_0
  389;17.10.2024 16:01:56;PROGRESS; - ---A HRU Flow-Network was detected at Element {A051}. Outlet is at HRUID: A051_0
  390;17.10.2024 16:01:56;PROGRESS; - ---A HRU Flow-Network was detected at Element {A051}. Outlet is at HRUID: A051_0
  391;17.10.2024 16:01:56;PROGRESS; - ---A HRU Flow-Network was detected at Element {A051}. Outlet is at HRUID: A051_0
  392;17.10.2024 16:01:56;PROGRESS; - ---A HRU Flow-Network was detected at Element {A051}. Outlet is at HRUID: A051_0
  393;17.10.2024 16:01:56;PROGRESS; - ---A HRU Flow-Network was detected at Element {A050}. Outlet is at HRUID: A050_0
  394;17.10.2024 16:01:56;PROGRESS; - ---A HRU Flow-Network was detected at Element {A050}. Outlet is at HRUID: A050_0
  395;17.10.2024 16:01:56;PROGRESS; - ---A HRU Flow-Network was detected at Element {A050}. Outlet is at HRUID: A050_0
  396;17.10.2024 16:01:56;PROGRESS; - ---A HRU Flow-Network was detected at Element {A050}. Outlet is at HRUID: A050_0
  397;17.10.2024 16:01:56;PROGRESS; - ---A HRU Flow-Network was detected at Element {A052}. Outlet is at HRUID: A052_0
  398;17.10.2024 16:01:56;PROGRESS; - ---A HRU Flow-Network was detected at Element {A052}. Outlet is at HRUID: A052_0
  399;17.10.2024 16:01:56;PROGRESS; - ---A HRU Flow-Network was detected at Element {A052}. Outlet is at HRUID: A052_0
  400;17.10.2024 16:01:56;PROGRESS; - ---A HRU Flow-Network was detected at Element {A052}. Outlet is at HRUID: A052_0
  401;17.10.2024 16:01:56;PROGRESS; - ---A HRU Flow-Network was detected at Element {A052}. Outlet is at HRUID: A052_0
  402;17.10.2024 16:01:56;PROGRESS; - ---A HRU Flow-Network was detected at Element {A052}. Outlet is at HRUID: A052_0
  403;17.10.2024 16:01:56;PROGRESS; - ---A HRU Flow-Network was detected at Element {A052}. Outlet is at HRUID: A052_0
  404;17.10.2024 16:01:56;PROGRESS; - ---A HRU Flow-Network was detected at Element {A052}. Outlet is at HRUID: A052_0
  405;17.10.2024 16:01:56;PROGRESS; - ---A HRU Flow-Network was detected at Element {A052}. Outlet is at HRUID: A052_0
  406;17.10.2024 16:01:56;PROGRESS; - ---A HRU Flow-Network was detected at Element {A052}. Outlet is at HRUID: A052_0
  407;17.10.2024 16:01:56;PROGRESS; - ---A HRU Flow-Network was detected at Element {A052}. Outlet is at HRUID: A052_0
  408;17.10.2024 16:01:56;PROGRESS; - ---A HRU Flow-Network was detected at Element {A052}. Outlet is at HRUID: A052_0
  409;17.10.2024 16:01:56;PROGRESS; - ---A HRU Flow-Network was detected at Element {A052}. Outlet is at HRUID: A052_0
  410;17.10.2024 16:01:56;PROGRESS; - ---A HRU Flow-Network was detected at Element {A052}. Outlet is at HRUID: A052_0
  411;17.10.2024 16:01:56;PROGRESS; - ---A HRU Flow-Network was detected at Element {A052}. Outlet is at HRUID: A052_0
  412;17.10.2024 16:01:56;PROGRESS; - ---A HRU Flow-Network was detected at Element {A054}. Outlet is at HRUID: A054_0
  413;17.10.2024 16:01:56;PROGRESS; - ---A HRU Flow-Network was detected at Element {A054}. Outlet is at HRUID: A054_0
  414;17.10.2024 16:01:56;PROGRESS; - ---A HRU Flow-Network was detected at Element {A054}. Outlet is at HRUID: A054_0
  415;17.10.2024 16:01:56;PROGRESS; - ---A HRU Flow-Network was detected at Element {A054}. Outlet is at HRUID: A054_0
  416;17.10.2024 16:01:56;PROGRESS; - ---A HRU Flow-Network was detected at Element {A054}. Outlet is at HRUID: A054_0
  417;17.10.2024 16:01:56;PROGRESS; - ---A HRU Flow-Network was detected at Element {A054}. Outlet is at HRUID: A054_0
  418;17.10.2024 16:01:56;PROGRESS; - ---A HRU Flow-Network was detected at Element {A054}. Outlet is at HRUID: A054_0
  419;17.10.2024 16:01:56;PROGRESS; - ---A HRU Flow-Network was detected at Element {A055}. Outlet is at HRUID: A055_0
  420;17.10.2024 16:01:56;PROGRESS; - ---A HRU Flow-Network was detected at Element {A055}. Outlet is at HRUID: A055_0
  421;17.10.2024 16:01:56;PROGRESS; - ---A HRU Flow-Network was detected at Element {A055}. Outlet is at HRUID: A055_0
  422;17.10.2024 16:01:56;PROGRESS; - ---A HRU Flow-Network was detected at Element {A055}. Outlet is at HRUID: A055_0
  423;17.10.2024 16:01:56;PROGRESS; - ---A HRU Flow-Network was detected at Element {A055}. Outlet is at HRUID: A055_0
  424;17.10.2024 16:01:56;PROGRESS; - ---A HRU Flow-Network was detected at Element {A055}. Outlet is at HRUID: A055_0
  425;17.10.2024 16:01:56;PROGRESS; - ---A HRU Flow-Network was detected at Element {A055}. Outlet is at HRUID: A055_0
  426;17.10.2024 16:01:56;PROGRESS; - ---A HRU Flow-Network was detected at Element {A055}. Outlet is at HRUID: A055_0
  427;17.10.2024 16:01:56;PROGRESS; - ---A HRU Flow-Network was detected at Element {A055}. Outlet is at HRUID: A055_0
  428;17.10.2024 16:01:56;PROGRESS; - ---A HRU Flow-Network was detected at Element {A055}. Outlet is at HRUID: A055_0
  429;17.10.2024 16:01:56;PROGRESS; - ---A HRU Flow-Network was detected at Element {A055}. Outlet is at HRUID: A055_0
  430;17.10.2024 16:01:56;PROGRESS; - ---A HRU Flow-Network was detected at Element {A055}. Outlet is at HRUID: A055_0
  431;17.10.2024 16:01:56;PROGRESS; - ---A HRU Flow-Network was detected at Element {A055}. Outlet is at HRUID: A055_0
  432;17.10.2024 16:01:56;PROGRESS; - ---A HRU Flow-Network was detected at Element {A055}. Outlet is at HRUID: A055_0
  433;17.10.2024 16:01:56;PROGRESS; - ---A HRU Flow-Network was detected at Element {A055}. Outlet is at HRUID: A055_0
  434;17.10.2024 16:01:56;PROGRESS; - ---A HRU Flow-Network was detected at Element {A053}. Outlet is at HRUID: A053_0
  435;17.10.2024 16:01:56;PROGRESS; - ---A HRU Flow-Network was detected at Element {A053}. Outlet is at HRUID: A053_0
  436;17.10.2024 16:01:56;PROGRESS; - ---A HRU Flow-Network was detected at Element {A053}. Outlet is at HRUID: A053_0
  437;17.10.2024 16:01:56;PROGRESS; - ---A HRU Flow-Network was detected at Element {A053}. Outlet is at HRUID: A053_0
  438;17.10.2024 16:01:56;PROGRESS; - ---A HRU Flow-Network was detected at Element {A053}. Outlet is at HRUID: A053_0
  439;17.10.2024 16:01:56;PROGRESS; - ---A HRU Flow-Network was detected at Element {A053}. Outlet is at HRUID: A053_0
  440;17.10.2024 16:01:56;PROGRESS; - ---A HRU Flow-Network was detected at Element {A060}. Outlet is at HRUID: A060_0
  441;17.10.2024 16:01:56;PROGRESS; - ---A HRU Flow-Network was detected at Element {A060}. Outlet is at HRUID: A060_0
  442;17.10.2024 16:01:56;PROGRESS; - ---A HRU Flow-Network was detected at Element {A060}. Outlet is at HRUID: A060_0
  443;17.10.2024 16:01:56;PROGRESS; - ---A HRU Flow-Network was detected at Element {A061}. Outlet is at HRUID: A061_0
  444;17.10.2024 16:01:56;PROGRESS; - ---A HRU Flow-Network was detected at Element {A061}. Outlet is at HRUID: A061_0
  445;17.10.2024 16:01:56;PROGRESS; - ---A HRU Flow-Network was detected at Element {A061}. Outlet is at HRUID: A061_0
  446;17.10.2024 16:01:56;PROGRESS; - ---A HRU Flow-Network was detected at Element {A061}. Outlet is at HRUID: A061_0
  447;17.10.2024 16:01:56;PROGRESS; - ---A HRU Flow-Network was detected at Element {A061}. Outlet is at HRUID: A061_0
  448;17.10.2024 16:01:56;PROGRESS; - ---A HRU Flow-Network was detected at Element {A061}. Outlet is at HRUID: A061_0
  449;17.10.2024 16:01:56;PROGRESS; - ---A HRU Flow-Network was detected at Element {A061}. Outlet is at HRUID: A061_0
  450;17.10.2024 16:01:56;PROGRESS; - ---A HRU Flow-Network was detected at Element {A061}. Outlet is at HRUID: A061_0
  451;17.10.2024 16:01:56;PROGRESS; - ---A HRU Flow-Network was detected at Element {A062}. Outlet is at HRUID: A062_0
  452;17.10.2024 16:01:56;PROGRESS; - ---A HRU Flow-Network was detected at Element {A062}. Outlet is at HRUID: A062_0
  453;17.10.2024 16:01:56;PROGRESS; - ---A HRU Flow-Network was detected at Element {A062}. Outlet is at HRUID: A062_0
  454;17.10.2024 16:01:56;PROGRESS; - ---A HRU Flow-Network was detected at Element {A062}. Outlet is at HRUID: A062_0
  455;17.10.2024 16:01:56;PROGRESS; - ---A HRU Flow-Network was detected at Element {A062}. Outlet is at HRUID: A062_0
  456;17.10.2024 16:01:56;PROGRESS; - ---A HRU Flow-Network was detected at Element {A062}. Outlet is at HRUID: A062_0
  457;17.10.2024 16:01:56;PROGRESS; - ---A HRU Flow-Network was detected at Element {A062}. Outlet is at HRUID: A062_0
  458;17.10.2024 16:01:56;PROGRESS; - ---A HRU Flow-Network was detected at Element {A062}. Outlet is at HRUID: A062_0
  459;17.10.2024 16:01:56;PROGRESS; - ---A HRU Flow-Network was detected at Element {A062}. Outlet is at HRUID: A062_0
  460;17.10.2024 16:01:56;PROGRESS; - ---A HRU Flow-Network was detected at Element {A062}. Outlet is at HRUID: A062_0
  461;17.10.2024 16:01:56;PROGRESS; - ---A HRU Flow-Network was detected at Element {A062}. Outlet is at HRUID: A062_0
  462;17.10.2024 16:01:56;PROGRESS; - ---A HRU Flow-Network was detected at Element {A062}. Outlet is at HRUID: A062_0
  463;17.10.2024 16:01:56;PROGRESS; - ---A HRU Flow-Network was detected at Element {A062}. Outlet is at HRUID: A062_0
  464;17.10.2024 16:01:56;PROGRESS; -Calculating catchment size
  465;17.10.2024 16:01:56;PROGRESS; -Control clusters,Balance,Objectives
  466;17.10.2024 16:01:56;PROGRESS; -Functions
  467;17.10.2024 16:01:56;PROGRESS; -Design storms
  468;17.10.2024 16:01:56;PROGRESS; -PreRun
  469;17.10.2024 16:01:56;PROGRESS; -Start Conditions
  470;17.10.2024 16:01:56;PROGRESS; - -Delete old result files
  471;17.10.2024 16:01:56;PROGRESS; - -Starting patterns (daily, weekly, monthly) ...
  472;17.10.2024 16:01:56;PROGRESS; - -Starting timeseries ...
  473;17.10.2024 16:01:56;PROGRESS; - -Starting hydrological objects ...
  474;17.10.2024 16:01:56;PROGRESS; - -Starting groundwater ...
  475;17.10.2024 16:01:56;PROGRESS; - -Starting functions ...
  476;17.10.2024 16:01:56;PROGRESS; - -Starting surface flow elements ...
  477;17.10.2024 16:01:56;PROGRESS; -Reading Systemstate:
  478;17.10.2024 16:01:56;PROGRESS; -Systemstate file: ..\..\projectData\fews\extern\FEWStoTALSIM\ishim.state
  479;17.10.2024 16:01:56;PROGRESS; - --- Reading element: A020
  480;17.10.2024 16:01:56;PROGRESS; - --- Reading element: A022
  481;17.10.2024 16:01:56;PROGRESS; - --- Reading element: A021
  482;17.10.2024 16:01:56;PROGRESS; - --- Reading element: S023
  483;17.10.2024 16:01:56;PROGRESS; - --- Reading element: A017
  484;17.10.2024 16:01:56;PROGRESS; - --- Reading element: A015
  485;17.10.2024 16:01:56;PROGRESS; - --- Reading element: A008
  486;17.10.2024 16:01:56;PROGRESS; - --- Reading element: A005
  487;17.10.2024 16:01:56;PROGRESS; - --- Reading element: A003
  488;17.10.2024 16:01:56;PROGRESS; - --- Reading element: A004
  489;17.10.2024 16:01:56;PROGRESS; - --- Reading element: A001
  490;17.10.2024 16:01:56;PROGRESS; - --- Reading element: A002
  491;17.10.2024 16:01:56;PROGRESS; - --- Reading element: S003
  492;17.10.2024 16:01:56;PROGRESS; - --- Reading element: S005
  493;17.10.2024 16:01:56;PROGRESS; - --- Reading element: A006
  494;17.10.2024 16:01:56;PROGRESS; - --- Reading element: S007
  495;17.10.2024 16:01:56;PROGRESS; - --- Reading element: A007
  496;17.10.2024 16:01:56;PROGRESS; - --- Reading element: S009
  497;17.10.2024 16:01:56;PROGRESS; - --- Reading element: A010
  498;17.10.2024 16:01:56;PROGRESS; - --- Reading element: A011
  499;17.10.2024 16:01:56;PROGRESS; - --- Reading element: S012
  500;17.10.2024 16:01:56;PROGRESS; - --- Reading element: A012
  501;17.10.2024 16:01:56;PROGRESS; - --- Reading element: A009
  502;17.10.2024 16:01:56;PROGRESS; - --- Reading element: S013
  503;17.10.2024 16:01:56;PROGRESS; - --- Reading element: A013
  504;17.10.2024 16:01:56;PROGRESS; - --- Reading element: S014
  505;17.10.2024 16:01:56;PROGRESS; - --- Reading element: A014
  506;17.10.2024 16:01:56;PROGRESS; - --- Reading element: S016
  507;17.10.2024 16:01:56;PROGRESS; - --- Reading element: A016
  508;17.10.2024 16:01:56;PROGRESS; - --- Reading element: S018
  509;17.10.2024 16:01:56;PROGRESS; - --- Reading element: A018
  510;17.10.2024 16:01:56;PROGRESS; - --- Reading element: A024
  511;17.10.2024 16:01:56;PROGRESS; - --- Reading element: S019
  512;17.10.2024 16:01:56;PROGRESS; - --- Reading element: A019
  513;17.10.2024 16:01:56;PROGRESS; - --- Reading element: A023
  514;17.10.2024 16:01:56;PROGRESS; - --- Reading element: S025
  515;17.10.2024 16:01:56;PROGRESS; - --- Reading element: A026
  516;17.10.2024 16:01:56;PROGRESS; - --- Reading element: A025
  517;17.10.2024 16:01:56;PROGRESS; - --- Reading element: S030
  518;17.10.2024 16:01:56;PROGRESS; - --- Reading element: A030
  519;17.10.2024 16:01:56;PROGRESS; - --- Reading element: A027
  520;17.10.2024 16:01:56;PROGRESS; - --- Reading element: A028
  521;17.10.2024 16:01:56;PROGRESS; - --- Reading element: S029
  522;17.10.2024 16:01:56;PROGRESS; - --- Reading element: A029
  523;17.10.2024 16:01:56;PROGRESS; - --- Reading element: S031
  524;17.10.2024 16:01:56;PROGRESS; - --- Reading element: A031
  525;17.10.2024 16:01:56;PROGRESS; - --- Reading element: A032
  526;17.10.2024 16:01:56;PROGRESS; - --- Reading element: S033
  527;17.10.2024 16:01:56;PROGRESS; - --- Reading element: A033
  528;17.10.2024 16:01:56;PROGRESS; - --- Reading element: A039
  529;17.10.2024 16:01:56;PROGRESS; - --- Reading element: A037
  530;17.10.2024 16:01:56;PROGRESS; - --- Reading element: A034
  531;17.10.2024 16:01:56;PROGRESS; - --- Reading element: A035
  532;17.10.2024 16:01:56;PROGRESS; - --- Reading element: S036
  533;17.10.2024 16:01:56;PROGRESS; - --- Reading element: A036
  534;17.10.2024 16:01:56;PROGRESS; - --- Reading element: S038
  535;17.10.2024 16:01:56;PROGRESS; - --- Reading element: A038
  536;17.10.2024 16:01:56;PROGRESS; - --- Reading element: S040
  537;17.10.2024 16:01:56;PROGRESS; - --- Reading element: A041
  538;17.10.2024 16:01:56;PROGRESS; - --- Reading element: A040
  539;17.10.2024 16:01:56;PROGRESS; - --- Reading element: S045
  540;17.10.2024 16:01:56;PROGRESS; - --- Reading element: A045
  541;17.10.2024 16:01:56;PROGRESS; - --- Reading element: A046
  542;17.10.2024 16:01:56;PROGRESS; - --- Reading element: S047
  543;17.10.2024 16:01:56;PROGRESS; - --- Reading element: A043
  544;17.10.2024 16:01:56;PROGRESS; - --- Reading element: A042
  545;17.10.2024 16:01:56;PROGRESS; - --- Reading element: S044
  546;17.10.2024 16:01:56;PROGRESS; - --- Reading element: A044
  547;17.10.2024 16:01:56;PROGRESS; - --- Reading element: A047
  548;17.10.2024 16:01:56;PROGRESS; - --- Reading element: S051
  549;17.10.2024 16:01:56;PROGRESS; - --- Reading element: A048
  550;17.10.2024 16:01:56;PROGRESS; - --- Reading element: A049
  551;17.10.2024 16:01:56;PROGRESS; - --- Reading element: S050
  552;17.10.2024 16:01:56;PROGRESS; - --- Reading element: A051
  553;17.10.2024 16:01:56;PROGRESS; - --- Reading element: A050
  554;17.10.2024 16:01:56;PROGRESS; - --- Reading element: S052
  555;17.10.2024 16:01:56;PROGRESS; - --- Reading element: A052
  556;17.10.2024 16:01:56;PROGRESS; - --- Reading element: A054
  557;17.10.2024 16:01:56;PROGRESS; - --- Reading element: S055
  558;17.10.2024 16:01:56;PROGRESS; - --- Reading element: A055
  559;17.10.2024 16:01:56;PROGRESS; - --- Reading element: A053
  560;17.10.2024 16:01:56;PROGRESS; - --- Reading element: S061
  561;17.10.2024 16:01:56;PROGRESS; - --- Reading element: A060
  562;17.10.2024 16:01:56;PROGRESS; - --- Reading element: A061
  563;17.10.2024 16:01:56;PROGRESS; - --- Reading element: S062
  564;17.10.2024 16:01:56;PROGRESS; - --- Reading element: A062
  565;17.10.2024 16:01:56;PROGRESS; - --- Reading element: SEND
  566;17.10.2024 16:01:56;PROGRESS; - --- Reading element: ZPG
  567;17.10.2024 16:01:56;PROGRESS; -Simulation
  568;17.10.2024 16:01:56;PROGRESS; -Writing Systemstate: ..\..\projectData\fews\extern\TALSIMtoFEWS\ishim.state
  569;17.10.2024 16:01:56;PROGRESS; -PostRun
  570;17.10.2024 16:01:56;PROGRESS; -Terminate
